<?xml version="1.0" encoding="UTF-8"?>
<!-- Generated by org.testng.reporters.JUnitXMLReporter -->
<testsuite ignored="1" hostname="LAPTOP-FL4JGHR2" failures="1" tests="1" name="Default test(failed)" time="0.037" errors="0" timestamp="2022-03-17T15:05:43 IST">
  <testcase classname="automationFramework.ListenerTestCases" name="TestToFail" time="0.009">
    <failure type="java.lang.AssertionError" message="expected [true] but found [false]">
      <![CDATA[java.lang.AssertionError: expected [true] but found [false]
at automationFramework.ListenerTestCases.TestToFail(ListenerTestCases.java:29)
at java.base/java.util.ArrayList.forEach(ArrayList.java:1541)
... Removed 31 stack frames]]>
    </failure>
  </testcase> <!-- TestToFail -->
  <testcase classname="automationFramework.ListenerTestCases" name="TestToPass" time="0.0">
    <ignored/>
  </testcase> <!-- TestToPass -->
</testsuite> <!-- Default test(failed) -->
